<?xml version="1.0" encoding="utf-8"?><testsuites name="pytest tests"><testsuite name="pytest" errors="0" failures="0" skipped="0" tests="34" time="16.081" timestamp="2026-04-02T10:27:21.507058+00:00" hostname="agent-env-b0fc03fb-94fc-4af6-ac13-1dcf59e2e890"><testcase classname="backend.tests.test_atc_api.TestHealthCheck" name="test_api_health" time="0.127" /><testcase classname="backend.tests.test_atc_api.TestHealthCheck" name="test_api_root" time="0.096" /><testcase classname="backend.tests.test_atc_api.TestAuthentication" name="test_login_success" time="0.337" /><testcase classname="backend.tests.test_atc_api.TestAuthentication" name="test_login_invalid_credentials" time="0.105" /><testcase classname="backend.tests.test_atc_api.TestAuthentication" name="test_get_me_authenticated" time="0.377" /><testcase classname="backend.tests.test_atc_api.TestAuthentication" name="test_get_me_unauthenticated" time="0.091" /><testcase classname="backend.tests.test_atc_api.TestAuthentication" name="test_logout" time="0.372" /><testcase classname="backend.tests.test_atc_api.TestDashboard" name="test_dashboard_stats" time="0.115" /><testcase classname="backend.tests.test_atc_api.TestDashboard" name="test_dashboard_kpis" time="0.109" /><testcase classname="backend.tests.test_atc_api.TestLeads" name="test_get_all_leads" time="0.100" /><testcase classname="backend.tests.test_atc_api.TestLeads" name="test_get_lead_by_id" time="0.206" /><testcase classname="backend.tests.test_atc_api.TestLeads" name="test_create_lead" time="0.203" /><testcase classname="backend.tests.test_atc_api.TestStaff" name="test_get_all_staff" time="0.107" /><testcase classname="backend.tests.test_atc_api.TestStaff" name="test_get_staff_by_id" time="0.224" /><testcase classname="backend.tests.test_atc_api.TestClients" name="test_get_all_clients" time="0.105" /><testcase classname="backend.tests.test_atc_api.TestClients" name="test_get_client_by_id" time="0.200" /><testcase classname="backend.tests.test_atc_api.TestInvoices" name="test_get_all_invoices" time="0.100" /><testcase classname="backend.tests.test_atc_api.TestReports" name="test_get_all_reports" time="0.116" /><testcase classname="backend.tests.test_iteration3_api.TestAIEmailGeneration" name="test_generate_email_support_coordinator" time="3.205" /><testcase classname="backend.tests.test_iteration3_api.TestAIEmailGeneration" name="test_generate_email_plan_manager" time="4.309" /><testcase classname="backend.tests.test_iteration3_api.TestAIEmailGeneration" name="test_generate_email_recovery_coach" time="3.934" /><testcase classname="backend.tests.test_iteration3_api.TestPayrollRates" name="test_get_schads_rates" time="0.119" /><testcase classname="backend.tests.test_iteration3_api.TestPayrollSummary" name="test_get_payroll_summary" time="0.105" /><testcase classname="backend.tests.test_iteration3_api.TestPayrollSummary" name="test_payroll_calculate_for_staff" time="0.094" /><testcase classname="backend.tests.test_iteration3_api.TestPayrollSummary" name="test_payroll_calculate_nonexistent_staff" time="0.095" /><testcase classname="backend.tests.test_iteration3_api.TestPayrollProcess" name="test_process_payroll" time="0.097" /><testcase classname="backend.tests.test_iteration3_api.TestPayrollProcess" name="test_get_payroll_history" time="0.104" /><testcase classname="backend.tests.test_iteration3_api.TestComplianceDashboard" name="test_get_compliance_dashboard" time="0.096" /><testcase classname="backend.tests.test_iteration3_api.TestComplianceDashboard" name="test_compliance_score_calculation" time="0.110" /><testcase classname="backend.tests.test_iteration3_api.TestComplianceRequirements" name="test_get_compliance_requirements" time="0.102" /><testcase classname="backend.tests.test_iteration3_api.TestStaffCompliance" name="test_get_staff_compliance" time="0.103" /><testcase classname="backend.tests.test_iteration3_api.TestStaffCompliance" name="test_get_staff_compliance_nonexistent" time="0.097" /><testcase classname="backend.tests.test_iteration3_api.TestStaffCompliance" name="test_add_compliance_document" time="0.224" /><testcase classname="backend.tests.test_iteration3_api.TestExpiringDocuments" name="test_get_expiring_documents" time="0.110" /></testsuite></testsuites>