<?xml version="1.0" encoding="utf-8"?><testsuites name="pytest tests"><testsuite name="pytest" errors="0" failures="0" skipped="0" tests="18" time="3.180" timestamp="2026-04-02T09:37:55.376614+00:00" hostname="agent-env-b08863d0-3c55-4b5c-88af-8ca4dcbe056f"><testcase classname="backend.tests.test_atc_api.TestHealthCheck" name="test_api_health" time="0.177" /><testcase classname="backend.tests.test_atc_api.TestHealthCheck" name="test_api_root" time="0.112" /><testcase classname="backend.tests.test_atc_api.TestAuthentication" name="test_login_success" time="0.326" /><testcase classname="backend.tests.test_atc_api.TestAuthentication" name="test_login_invalid_credentials" time="0.102" /><testcase classname="backend.tests.test_atc_api.TestAuthentication" name="test_get_me_authenticated" time="0.365" /><testcase classname="backend.tests.test_atc_api.TestAuthentication" name="test_get_me_unauthenticated" time="0.107" /><testcase classname="backend.tests.test_atc_api.TestAuthentication" name="test_logout" time="0.384" /><testcase classname="backend.tests.test_atc_api.TestDashboard" name="test_dashboard_stats" time="0.103" /><testcase classname="backend.tests.test_atc_api.TestDashboard" name="test_dashboard_kpis" time="0.118" /><testcase classname="backend.tests.test_atc_api.TestLeads" name="test_get_all_leads" time="0.097" /><testcase classname="backend.tests.test_atc_api.TestLeads" name="test_get_lead_by_id" time="0.212" /><testcase classname="backend.tests.test_atc_api.TestLeads" name="test_create_lead" time="0.197" /><testcase classname="backend.tests.test_atc_api.TestStaff" name="test_get_all_staff" time="0.108" /><testcase classname="backend.tests.test_atc_api.TestStaff" name="test_get_staff_by_id" time="0.197" /><testcase classname="backend.tests.test_atc_api.TestClients" name="test_get_all_clients" time="0.098" /><testcase classname="backend.tests.test_atc_api.TestClients" name="test_get_client_by_id" time="0.202" /><testcase classname="backend.tests.test_atc_api.TestInvoices" name="test_get_all_invoices" time="0.101" /><testcase classname="backend.tests.test_atc_api.TestReports" name="test_get_all_reports" time="0.100" /></testsuite></testsuites>