<?xml version="1.0" encoding="utf-8"?><testsuites name="pytest tests"><testsuite name="pytest" errors="0" failures="0" skipped="0" tests="16" time="12.456" timestamp="2026-04-02T09:55:34.875036+00:00" hostname="agent-env-b08863d0-3c55-4b5c-88af-8ca4dcbe056f"><testcase classname="backend.tests.test_iteration3_api.TestAIEmailGeneration" name="test_generate_email_support_coordinator" time="4.127" /><testcase classname="backend.tests.test_iteration3_api.TestAIEmailGeneration" name="test_generate_email_plan_manager" time="3.737" /><testcase classname="backend.tests.test_iteration3_api.TestAIEmailGeneration" name="test_generate_email_recovery_coach" time="2.841" /><testcase classname="backend.tests.test_iteration3_api.TestPayrollRates" name="test_get_schads_rates" time="0.136" /><testcase classname="backend.tests.test_iteration3_api.TestPayrollSummary" name="test_get_payroll_summary" time="0.118" /><testcase classname="backend.tests.test_iteration3_api.TestPayrollSummary" name="test_payroll_calculate_for_staff" time="0.130" /><testcase classname="backend.tests.test_iteration3_api.TestPayrollSummary" name="test_payroll_calculate_nonexistent_staff" time="0.126" /><testcase classname="backend.tests.test_iteration3_api.TestPayrollProcess" name="test_process_payroll" time="0.164" /><testcase classname="backend.tests.test_iteration3_api.TestPayrollProcess" name="test_get_payroll_history" time="0.123" /><testcase classname="backend.tests.test_iteration3_api.TestComplianceDashboard" name="test_get_compliance_dashboard" time="0.098" /><testcase classname="backend.tests.test_iteration3_api.TestComplianceDashboard" name="test_compliance_score_calculation" time="0.112" /><testcase classname="backend.tests.test_iteration3_api.TestComplianceRequirements" name="test_get_compliance_requirements" time="0.106" /><testcase classname="backend.tests.test_iteration3_api.TestStaffCompliance" name="test_get_staff_compliance" time="0.102" /><testcase classname="backend.tests.test_iteration3_api.TestStaffCompliance" name="test_get_staff_compliance_nonexistent" time="0.098" /><testcase classname="backend.tests.test_iteration3_api.TestStaffCompliance" name="test_add_compliance_document" time="0.228" /><testcase classname="backend.tests.test_iteration3_api.TestExpiringDocuments" name="test_get_expiring_documents" time="0.096" /></testsuite></testsuites>