<?xml version="1.0" encoding="utf-8"?><testsuites name="pytest tests"><testsuite name="pytest" errors="0" failures="0" skipped="0" tests="39" time="15.844" timestamp="2026-04-02T10:44:31.006004+00:00" hostname="agent-env-b0fc03fb-94fc-4af6-ac13-1dcf59e2e890"><testcase classname="backend.tests.test_atc_api.TestHealthCheck" name="test_api_health" time="0.181" /><testcase classname="backend.tests.test_atc_api.TestHealthCheck" name="test_api_root" time="0.108" /><testcase classname="backend.tests.test_atc_api.TestAuthentication" name="test_login_success" time="0.332" /><testcase classname="backend.tests.test_atc_api.TestAuthentication" name="test_login_invalid_credentials" time="0.110" /><testcase classname="backend.tests.test_atc_api.TestAuthentication" name="test_get_me_authenticated" time="0.385" /><testcase classname="backend.tests.test_atc_api.TestAuthentication" name="test_get_me_unauthenticated" time="0.103" /><testcase classname="backend.tests.test_atc_api.TestAuthentication" name="test_logout" time="0.374" /><testcase classname="backend.tests.test_atc_api.TestDashboard" name="test_dashboard_stats" time="0.111" /><testcase classname="backend.tests.test_atc_api.TestDashboard" name="test_dashboard_kpis" time="0.094" /><testcase classname="backend.tests.test_atc_api.TestLeads" name="test_get_all_leads" time="0.112" /><testcase classname="backend.tests.test_atc_api.TestLeads" name="test_get_lead_by_id" time="0.227" /><testcase classname="backend.tests.test_atc_api.TestLeads" name="test_create_lead" time="0.206" /><testcase classname="backend.tests.test_atc_api.TestStaff" name="test_get_all_staff" time="0.099" /><testcase classname="backend.tests.test_atc_api.TestStaff" name="test_get_staff_by_id" time="0.222" /><testcase classname="backend.tests.test_atc_api.TestClients" name="test_get_all_clients" time="0.099" /><testcase classname="backend.tests.test_atc_api.TestClients" name="test_get_client_by_id" time="0.203" /><testcase classname="backend.tests.test_atc_api.TestInvoices" name="test_get_all_invoices" time="0.100" /><testcase classname="backend.tests.test_atc_api.TestReports" name="test_get_all_reports" time="0.100" /><testcase classname="backend.tests.test_iteration3_api.TestAIEmailGeneration" name="test_generate_email_support_coordinator" time="4.452" /><testcase classname="backend.tests.test_iteration3_api.TestAIEmailGeneration" name="test_generate_email_plan_manager" time="2.784" /><testcase classname="backend.tests.test_iteration3_api.TestAIEmailGeneration" name="test_generate_email_recovery_coach" time="3.379" /><testcase classname="backend.tests.test_iteration3_api.TestPayrollRates" name="test_get_schads_rates" time="0.119" /><testcase classname="backend.tests.test_iteration3_api.TestPayrollSummary" name="test_get_payroll_summary" time="0.105" /><testcase classname="backend.tests.test_iteration3_api.TestPayrollSummary" name="test_payroll_calculate_for_staff" time="0.111" /><testcase classname="backend.tests.test_iteration3_api.TestPayrollSummary" name="test_payroll_calculate_nonexistent_staff" time="0.110" /><testcase classname="backend.tests.test_iteration3_api.TestPayrollProcess" name="test_process_payroll" time="0.103" /><testcase classname="backend.tests.test_iteration3_api.TestPayrollProcess" name="test_get_payroll_history" time="0.102" /><testcase classname="backend.tests.test_iteration3_api.TestComplianceDashboard" name="test_get_compliance_dashboard" time="0.107" /><testcase classname="backend.tests.test_iteration3_api.TestComplianceDashboard" name="test_compliance_score_calculation" time="0.111" /><testcase classname="backend.tests.test_iteration3_api.TestComplianceRequirements" name="test_get_compliance_requirements" time="0.099" /><testcase classname="backend.tests.test_iteration3_api.TestStaffCompliance" name="test_get_staff_compliance" time="0.103" /><testcase classname="backend.tests.test_iteration3_api.TestStaffCompliance" name="test_get_staff_compliance_nonexistent" time="0.098" /><testcase classname="backend.tests.test_iteration3_api.TestStaffCompliance" name="test_add_compliance_document" time="0.198" /><testcase classname="backend.tests.test_iteration3_api.TestExpiringDocuments" name="test_get_expiring_documents" time="0.101" /><testcase classname="backend.tests.test_iteration5_api.TestGDriveStatus" name="test_get_gdrive_status" time="0.105" /><testcase classname="backend.tests.test_iteration5_api.TestGDriveStatus" name="test_gdrive_folders_have_subfolders" time="0.098" /><testcase classname="backend.tests.test_iteration5_api.TestGDriveStatus" name="test_gdrive_recent_files" time="0.101" /><testcase classname="backend.tests.test_iteration5_api.TestGDriveSync" name="test_sync_drive" time="0.100" /><testcase classname="backend.tests.test_iteration5_api.TestGDriveConnect" name="test_connect_drive" time="0.096" /></testsuite></testsuites>