<?xml version="1.0" encoding="utf-8"?><testsuites name="pytest tests"><testsuite name="pytest" errors="0" failures="0" skipped="0" tests="18" time="3.619" timestamp="2026-04-02T09:22:43.710618+00:00" hostname="agent-env-b08863d0-3c55-4b5c-88af-8ca4dcbe056f"><testcase classname="tests.test_atc_api.TestHealthCheck" name="test_api_health" time="0.266" /><testcase classname="tests.test_atc_api.TestHealthCheck" name="test_api_root" time="0.101" /><testcase classname="tests.test_atc_api.TestAuthentication" name="test_login_success" time="0.339" /><testcase classname="tests.test_atc_api.TestAuthentication" name="test_login_invalid_credentials" time="0.109" /><testcase classname="tests.test_atc_api.TestAuthentication" name="test_get_me_authenticated" time="0.387" /><testcase classname="tests.test_atc_api.TestAuthentication" name="test_get_me_unauthenticated" time="0.111" /><testcase classname="tests.test_atc_api.TestAuthentication" name="test_logout" time="0.411" /><testcase classname="tests.test_atc_api.TestDashboard" name="test_dashboard_stats" time="0.141" /><testcase classname="tests.test_atc_api.TestDashboard" name="test_dashboard_kpis" time="0.103" /><testcase classname="tests.test_atc_api.TestLeads" name="test_get_all_leads" time="0.110" /><testcase classname="tests.test_atc_api.TestLeads" name="test_get_lead_by_id" time="0.240" /><testcase classname="tests.test_atc_api.TestLeads" name="test_create_lead" time="0.197" /><testcase classname="tests.test_atc_api.TestStaff" name="test_get_all_staff" time="0.135" /><testcase classname="tests.test_atc_api.TestStaff" name="test_get_staff_by_id" time="0.196" /><testcase classname="tests.test_atc_api.TestClients" name="test_get_all_clients" time="0.113" /><testcase classname="tests.test_atc_api.TestClients" name="test_get_client_by_id" time="0.202" /><testcase classname="tests.test_atc_api.TestInvoices" name="test_get_all_invoices" time="0.096" /><testcase classname="tests.test_atc_api.TestReports" name="test_get_all_reports" time="0.096" /></testsuite></testsuites>